#
# There is insufficient memory for the Java Runtime Environment to continue.
# Native memory allocation (malloc) failed to allocate 32744 bytes for ChunkPool::allocate
# Possible reasons:
#   The system is out of physical RAM or swap space
#   In 32 bit mode, the process size limit was hit
# Possible solutions:
#   Reduce memory load on the system
#   Increase physical memory or swap space
#   Check if swap backing store is full
#   Use 64 bit Java on a 64 bit OS
#   Decrease Java heap size (-Xmx/-Xms)
#   Decrease number of Java threads
#   Decrease Java thread stack sizes (-Xss)
#   Set larger code cache with -XX:ReservedCodeCacheSize=
# This output file may be truncated or incomplete.
#
#  Out of Memory Error (allocation.cpp:273), pid=5028, tid=0x0000000000001e70
#
# JRE version: Java(TM) SE Runtime Environment (8.0_111-b14) (build 1.8.0_111-b14)
# Java VM: Java HotSpot(TM) 64-Bit Server VM (25.111-b14 mixed mode windows-amd64 compressed oops)
# Failed to write core dump. Minidumps are not enabled by default on client versions of Windows
#

---------------  T H R E A D  ---------------

Current thread (0x0000000019a03000):  JavaThread "Daemon worker" [_thread_in_vm, id=7792, stack(0x000000001b240000,0x000000001b340000)]

Stack: [0x000000001b240000,0x000000001b340000]
[error occurred during error reporting (printing stack bounds), id 0xc0000005]

Native frames: (J=compiled Java code, j=interpreted, Vv=VM code, C=native code)

Java frames: (J=compiled Java code, j=interpreted, Vv=VM code)
J 612  java.lang.ClassLoader.defineClass1(Ljava/lang/String;[BIILjava/security/ProtectionDomain;Ljava/lang/String;)Ljava/lang/Class; (0 bytes) @ 0x00000000034f579f [0x00000000034f5700+0x9f]
J 447 C1 java.lang.ClassLoader.defineClass(Ljava/lang/String;[BIILjava/security/ProtectionDomain;)Ljava/lang/Class; (43 bytes) @ 0x00000000034676e4 [0x0000000003467100+0x5e4]
J 2117 C1 java.security.SecureClassLoader.defineClass(Ljava/lang/String;[BIILjava/security/CodeSource;)Ljava/lang/Class; (16 bytes) @ 0x0000000003a4b314 [0x0000000003a4b1c0+0x154]
J 1967 C2 java.net.URLClassLoader$1.run()Ljava/lang/Object; (5 bytes) @ 0x0000000003a9a1f4 [0x0000000003a98ac0+0x1734]
v  ~StubRoutines::call_stub
J 292  java.security.AccessController.doPrivileged(Ljava/security/PrivilegedExceptionAction;Ljava/security/AccessControlContext;)Ljava/lang/Object; (0 bytes) @ 0x00000000033eb9a6 [0x00000000033eb940+0x66]
J 1501 C2 java.net.URLClassLoader.findClass(Ljava/lang/String;)Ljava/lang/Class; (47 bytes) @ 0x000000000374b470 [0x000000000374b3e0+0x90]
J 1865 C2 java.lang.ClassLoader.loadClass(Ljava/lang/String;Z)Ljava/lang/Class; (122 bytes) @ 0x0000000003981bc0 [0x00000000039817c0+0x400]
J 4856 C2 java.lang.ClassLoader.loadClass(Ljava/lang/String;)Ljava/lang/Class; (7 bytes) @ 0x0000000003429400 [0x00000000034293c0+0x40]
v  ~StubRoutines::call_stub
j  com.google.wireless.android.sdk.stats.AndroidStudioStats$DeviceInfo$ApplicationBinaryInterface.<clinit>()V+234
v  ~StubRoutines::call_stub
j  com.google.wireless.android.sdk.stats.AndroidStudioStats$DeviceInfo.initFields()V+30
j  com.google.wireless.android.sdk.stats.AndroidStudioStats$DeviceInfo.<clinit>()V+24
v  ~StubRoutines::call_stub
j  com.google.wireless.android.sdk.stats.AndroidStudioStats$AndroidStudioEvent.initFields()V+72
j  com.google.wireless.android.sdk.stats.AndroidStudioStats$AndroidStudioEvent.<clinit>()V+24
v  ~StubRoutines::call_stub
j  com.android.builder.profile.ProcessRecorder.finish()V+177
j  com.android.builder.profile.ProcessRecorderFactory.shutdown()V+21
j  com.android.build.gradle.internal.profile.ProfilerInitializer$1.buildFinished(Lorg/gradle/BuildResult;)V+44
v  ~StubRoutines::call_stub
J 1851  sun.reflect.NativeMethodAccessorImpl.invoke0(Ljava/lang/reflect/Method;Ljava/lang/Object;[Ljava/lang/Object;)Ljava/lang/Object; (0 bytes) @ 0x00000000039659bf [0x0000000003965940+0x7f]
J 1850 C1 sun.reflect.NativeMethodAccessorImpl.invoke(Ljava/lang/Object;[Ljava/lang/Object;)Ljava/lang/Object; (104 bytes) @ 0x0000000003970b64 [0x000000000396f9c0+0x11a4]
J 779 C1 sun.reflect.DelegatingMethodAccessorImpl.invoke(Ljava/lang/Object;[Ljava/lang/Object;)Ljava/lang/Object; (10 bytes) @ 0x0000000003572044 [0x0000000003571f40+0x104]
J 778 C1 java.lang.reflect.Method.invoke(Ljava/lang/Object;[Ljava/lang/Object;)Ljava/lang/Object; (62 bytes) @ 0x0000000003571a6c [0x0000000003571680+0x3ec]
J 805 C1 org.gradle.internal.dispatch.ReflectionDispatch.dispatch(Lorg/gradle/internal/dispatch/MethodInvocation;)V (42 bytes) @ 0x000000000357f4e4 [0x000000000357f160+0x384]
J 786 C1 org.gradle.internal.dispatch.ReflectionDispatch.dispatch(Ljava/lang/Object;)V (9 bytes) @ 0x00000000035745ac [0x0000000003574440+0x16c]
j  org.gradle.internal.event.DefaultListenerManager$ListenerDetails.dispatch(Lorg/gradle/internal/dispatch/MethodInvocation;)V+15
j  org.gradle.internal.event.DefaultListenerManager$ListenerDetails.dispatch(Ljava/lang/Object;)V+5
J 5396 C1 org.gradle.internal.event.AbstractBroadcastDispatch.dispatch(Lorg/gradle/internal/dispatch/MethodInvocation;Ljava/util/Iterator;)V (127 bytes) @ 0x00000000043932b4 [0x0000000004392d60+0x554]
j  org.gradle.internal.event.DefaultListenerManager$EventBroadcast$ListenerDispatch.dispatch(Lorg/gradle/internal/dispatch/MethodInvocation;)V+20
j  org.gradle.internal.event.DefaultListenerManager$EventBroadcast$ListenerDispatch.dispatch(Ljava/lang/Object;)V+5
J 5396 C1 org.gradle.internal.event.AbstractBroadcastDispatch.dispatch(Lorg/gradle/internal/dispatch/MethodInvocation;Ljava/util/Iterator;)V (127 bytes) @ 0x00000000043932b4 [0x0000000004392d60+0x554]
j  org.gradle.internal.event.BroadcastDispatch.dispatch(Lorg/gradle/internal/dispatch/MethodInvocation;)V+23
j  org.gradle.internal.event.BroadcastDispatch.dispatch(Ljava/lang/Object;)V+5
J 787 C1 org.gradle.internal.dispatch.ProxyDispatchAdapter$DispatchingInvocationHandler.invoke(Ljava/lang/Object;Ljava/lang/reflect/Method;[Ljava/lang/Object;)Ljava/lang/Object; (185 bytes) @ 0x0000000003575c64 [0x0000000003574ac0+0x11a4]
j  com.sun.proxy.$Proxy10.buildFinished(Lorg/gradle/BuildResult;)V+16
j  org.gradle.initialization.DefaultGradleLauncher$1.create()Lorg/gradle/BuildResult;+81
j  org.gradle.initialization.DefaultGradleLauncher$1.create()Ljava/lang/Object;+1
j  org.gradle.internal.progress.DefaultBuildOperationExecutor.run(Lorg/gradle/internal/progress/BuildOperationDetails;Lorg/gradle/internal/Factory;)Ljava/lang/Object;+171
j  org.gradle.internal.progress.DefaultBuildOperationExecutor.run(Ljava/lang/String;Lorg/gradle/internal/Factory;)Ljava/lang/Object;+9
j  org.gradle.initialization.DefaultGradleLauncher.doBuild(Lorg/gradle/initialization/DefaultGradleLauncher$Stage;)Lorg/gradle/BuildResult;+15
j  org.gradle.initialization.DefaultGradleLauncher.getBuildAnalysis()Lorg/gradle/BuildResult;+4
j  org.gradle.launcher.exec.InProcessBuildActionExecuter$DefaultBuildController.configure()Lorg/gradle/api/internal/GradleInternal;+4
j  org.gradle.tooling.internal.provider.runner.ClientProvidedBuildActionRunner.run(Lorg/gradle/internal/invocation/BuildAction;Lorg/gradle/internal/invocation/BuildController;)V+56
j  org.gradle.launcher.exec.ChainingBuildActionRunner.run(Lorg/gradle/internal/invocation/BuildAction;Lorg/gradle/internal/invocation/BuildController;)V+34
j  org.gradle.tooling.internal.provider.runner.SubscribableBuildActionRunner.run(Lorg/gradle/internal/invocation/BuildAction;Lorg/gradle/internal/invocation/BuildController;)V+37
j  org.gradle.launcher.exec.ChainingBuildActionRunner.run(Lorg/gradle/internal/invocation/BuildAction;Lorg/gradle/internal/invocation/BuildController;)V+34
j  org.gradle.launcher.exec.InProcessBuildActionExecuter.execute(Lorg/gradle/internal/invocation/BuildAction;Lorg/gradle/initialization/BuildRequestContext;Lorg/gradle/launcher/exec/BuildActionParameters;Lorg/gradle/internal/service/ServiceRegistry;)Ljava/lang/Object;+77
j  org.gradle.launcher.exec.InProcessBuildActionExecuter.execute(Lorg/gradle/internal/invocation/BuildAction;Lorg/gradle/initialization/BuildRequestContext;Ljava/lang/Object;Lorg/gradle/internal/service/ServiceRegistry;)Ljava/lang/Object;+9
j  org.gradle.launcher.exec.ContinuousBuildActionExecuter.execute(Lorg/gradle/internal/invocation/BuildAction;Lorg/gradle/initialization/BuildRequestContext;Lorg/gradle/launcher/exec/BuildActionParameters;Lorg/gradle/internal/service/ServiceRegistry;)Ljava/lang/Object;+114
j  org.gradle.launcher.exec.ContinuousBuildActionExecuter.execute(Lorg/gradle/internal/invocation/BuildAction;Lorg/gradle/initialization/BuildRequestContext;Ljava/lang/Object;Lorg/gradle/internal/service/ServiceRegistry;)Ljava/lang/Object;+9
j  org.gradle.launcher.daemon.server.exec.ExecuteBuild.doBuild(Lorg/gradle/launcher/daemon/server/api/DaemonCommandExecution;Lorg/gradle/launcher/daemon/protocol/Build;)V+74
j  org.gradle.launcher.daemon.server.exec.BuildCommandOnly.execute(Lorg/gradle/launcher/daemon/server/api/DaemonCommandExecution;)V+49
j  org.gradle.launcher.daemon.server.api.DaemonCommandExecution.proceed()Z+28
j  org.gradle.launcher.daemon.server.exec.WatchForDisconnection.execute(Lorg/gradle/launcher/daemon/server/api/DaemonCommandExecution;)V+19
j  org.gradle.launcher.daemon.server.api.DaemonCommandExecution.proceed()Z+28
j  org.gradle.launcher.daemon.server.exec.ResetDeprecationLogger.execute(Lorg/gradle/launcher/daemon/server/api/DaemonCommandExecution;)V+4
j  org.gradle.launcher.daemon.server.api.DaemonCommandExecution.proceed()Z+28
j  org.gradle.launcher.daemon.server.exec.RequestStopIfSingleUsedDaemon.execute(Lorg/gradle/launcher/daemon/server/api/DaemonCommandExecution;)V+31
j  org.gradle.launcher.daemon.server.api.DaemonCommandExecution.proceed()Z+28
j  org.gradle.launcher.daemon.server.exec.ForwardClientInput$2.call()Ljava/lang/Void;+4
j  org.gradle.launcher.daemon.server.exec.ForwardClientInput$2.call()Ljava/lang/Object;+1
j  org.gradle.util.Swapper.swap(Ljava/lang/Object;Ljava/util/concurrent/Callable;)Ljava/lang/Object;+21
j  org.gradle.launcher.daemon.server.exec.ForwardClientInput.execute(Lorg/gradle/launcher/daemon/server/api/DaemonCommandExecution;)V+63
j  org.gradle.launcher.daemon.server.api.DaemonCommandExecution.proceed()Z+28
j  org.gradle.launcher.daemon.server.health.DaemonHealthTracker.execute(Lorg/gradle/launcher/daemon/server/api/DaemonCommandExecution;)V+35
j  org.gradle.launcher.daemon.server.api.DaemonCommandExecution.proceed()Z+28
j  org.gradle.launcher.daemon.server.exec.LogToClient.doBuild(Lorg/gradle/launcher/daemon/server/api/DaemonCommandExecution;Lorg/gradle/launcher/daemon/protocol/Build;)V+87
j  org.gradle.launcher.daemon.server.exec.BuildCommandOnly.execute(Lorg/gradle/launcher/daemon/server/api/DaemonCommandExecution;)V+49
j  org.gradle.launcher.daemon.server.api.DaemonCommandExecution.proceed()Z+28
j  org.gradle.launcher.daemon.server.exec.EstablishBuildEnvironment.doBuild(Lorg/gradle/launcher/daemon/server/api/DaemonCommandExecution;Lorg/gradle/launcher/daemon/protocol/Build;)V+279
j  org.gradle.launcher.daemon.server.exec.BuildCommandOnly.execute(Lorg/gradle/launcher/daemon/server/api/DaemonCommandExecution;)V+49
j  org.gradle.launcher.daemon.server.api.DaemonCommandExecution.proceed()Z+28
j  org.gradle.launcher.daemon.server.health.HintGCAfterBuild.execute(Lorg/gradle/launcher/daemon/server/api/DaemonCommandExecution;)V+1
j  org.gradle.launcher.daemon.server.api.DaemonCommandExecution.proceed()Z+28
j  org.gradle.launcher.daemon.server.exec.StartBuildOrRespondWithBusy$1.run()V+44
j  org.gradle.launcher.daemon.server.DaemonStateCoordinator$1.run()V+4
j  org.gradle.internal.concurrent.ExecutorPolicy$CatchAndRecordFailures.onExecute(Ljava/lang/Runnable;)V+1
j  org.gradle.internal.concurrent.StoppableExecutorImpl$1.run()V+25
j  java.util.concurrent.ThreadPoolExecutor.runWorker(Ljava/util/concurrent/ThreadPoolExecutor$Worker;)V+95
j  java.util.concurrent.ThreadPoolExecutor$Worker.run()V+5
j  java.lang.Thread.run()V+11
v  ~StubRoutines::call_stub

---------------  P R O C E S S  ---------------

Java Threads: ( => current thread )
  0x0000000019b92000 JavaThread "File lock request listener" [_thread_in_native, id=1384, stack(0x000000001cb10000,0x000000001cc10000)]
  0x0000000019a32800 JavaThread "Stdin handler" [_thread_blocked, id=1124, stack(0x000000001b640000,0x000000001b740000)]
  0x0000000019a05000 JavaThread "Asynchronous log dispatcher for org.gradle.launcher.daemon.server.DefaultDaemonConnection@2c72c7ea" [_thread_blocked, id=5896, stack(0x000000001b540000,0x000000001b640000)]
=>0x0000000019a03000 JavaThread "Daemon worker" [_thread_in_vm, id=7792, stack(0x000000001b240000,0x000000001b340000)]
  0x00000000199fe800 JavaThread "Cancel handler" [_thread_blocked, id=2772, stack(0x000000001b140000,0x000000001b240000)]
  0x0000000019a46800 JavaThread "Handler for socket connection from /127.0.0.1:53210 to /127.0.0.1:53211" [_thread_in_native, id=5344, stack(0x000000001b040000,0x000000001b140000)]
  0x00000000199f7800 JavaThread "Daemon" [_thread_blocked, id=3968, stack(0x000000001af40000,0x000000001b040000)]
  0x0000000019933000 JavaThread "Incoming local TCP Connector on port 53210" [_thread_in_native, id=5644, stack(0x000000001a840000,0x000000001a940000)]
  0x0000000019256800 JavaThread "pool-1-thread-1" [_thread_blocked, id=8068, stack(0x000000001a740000,0x000000001a840000)]
  0x0000000016c1d800 JavaThread "Service Thread" daemon [_thread_blocked, id=4844, stack(0x0000000018930000,0x0000000018a30000)]
  0x0000000016bd9000 JavaThread "C1 CompilerThread2" daemon [_thread_blocked, id=10648, stack(0x0000000018430000,0x0000000018530000)]
  0x0000000016bcc000 JavaThread "C2 CompilerThread1" daemon [_thread_in_native, id=9028, stack(0x0000000018330000,0x0000000018430000)]
  0x0000000016bbe000 JavaThread "C2 CompilerThread0" daemon [_thread_in_native, id=11052, stack(0x0000000018230000,0x0000000018330000)]
  0x0000000016bbc000 JavaThread "Attach Listener" daemon [_thread_blocked, id=8860, stack(0x0000000018130000,0x0000000018230000)]
  0x0000000016bbb000 JavaThread "Signal Dispatcher" daemon [_thread_blocked, id=8488, stack(0x0000000018030000,0x0000000018130000)]
  0x0000000016baa800 JavaThread "Finalizer" daemon [_thread_blocked, id=1036, stack(0x0000000017e20000,0x0000000017f20000)]
  0x000000000318f000 JavaThread "Reference Handler" daemon [_thread_blocked, id=8496, stack(0x0000000017d20000,0x0000000017e20000)]
  0x00000000030a1000 JavaThread "main" [_thread_blocked, id=11204, stack(0x0000000002f70000,0x0000000003070000)]

Other Threads:
  0x0000000016b88000 VMThread [stack: 0x0000000017c20000,0x0000000017d20000] [id=1404]
  0x0000000018567000 WatcherThread [stack: 0x0000000018a30000,0x0000000018b30000] [id=5208]

VM state:not at safepoint (normal execution)

VM Mutex/Monitor currently owned by a thread: None

Heap:
 PSYoungGen      total 132096K, used 84997K [0x00000000e0000000, 0x00000000eab00000, 0x0000000100000000)
  eden space 120832K, 61% used [0x00000000e0000000,0x00000000e4808a58,0x00000000e7600000)
  from space 11264K, 99% used [0x00000000e7600000,0x00000000e80f8ce0,0x00000000e8100000)
  to   space 12800K, 0% used [0x00000000e9e80000,0x00000000e9e80000,0x00000000eab00000)
 ParOldGen       total 104960K, used 15813K [0x00000000a0000000, 0x00000000a6680000, 0x00000000e0000000)
  object space 104960K, 15% used [0x00000000a0000000,0x00000000a0f714b8,0x00000000a6680000)
 Metaspace       used 46862K, capacity 48244K, committed 48512K, reserved 1091584K
  class space    used 6471K, capacity 6773K, committed 6784K, reserved 1048576K

Card table byte_map: [0x0000000012610000,0x0000000012920000] byte_map_base: 0x0000000012110000

Marking Bits: (ParMarkBitMap*) 0x0000000069c0a6c0
 Begin Bits: [0x0000000012f20000, 0x0000000014720000)
 End Bits:   [0x0000000014720000, 0x0000000015f20000)

Polling page: 0x0000000001420000

CodeCache: size=245760Kb used=18375Kb max_used=18375Kb free=227384Kb
 bounds [0x0000000003250000, 0x0000000004450000, 0x0000000012250000]
 total_blobs=5877 nmethods=5171 adapters=618
 compilation: enabled

Compilation events (10 events):
Event: 9.126 Thread 0x0000000016bd9000 5645       3       groovy.lang.MetaClassImpl::addMetaMethodToIndex (65 bytes)
Event: 9.127 Thread 0x0000000016bd9000 nmethod 5645 0x000000000444c750 code [0x000000000444c900, 0x000000000444cd98]
Event: 9.135 Thread 0x0000000016bd9000 5648       1       com.google.common.cache.LocalCache$StrongValueReference::get (5 bytes)
Event: 9.135 Thread 0x0000000016bd9000 nmethod 5648 0x000000000444d010 code [0x000000000444d160, 0x000000000444d270]
Event: 9.154 Thread 0x0000000016bd9000 5649       3       org.gradle.api.internal.DefaultDomainObjectCollection::add (10 bytes)
Event: 9.155 Thread 0x0000000016bd9000 nmethod 5649 0x000000000444d2d0 code [0x000000000444d480, 0x000000000444da68]
Event: 9.155 Thread 0x0000000016bd9000 5650       3       org.gradle.api.internal.DefaultDomainObjectCollection::doAdd (35 bytes)
Event: 9.155 Thread 0x0000000016bd9000 nmethod 5650 0x000000000444dc90 code [0x000000000444de40, 0x000000000444e338]
Event: 9.155 Thread 0x0000000016bd9000 5651       3       org.gradle.internal.TrueTimeProvider::getCurrentTime (4 bytes)
Event: 9.155 Thread 0x0000000016bd9000 nmethod 5651 0x000000000444e490 code [0x000000000444e5e0, 0x000000000444e750]

GC Heap History (10 events):
Event: 4.809 GC heap before
{Heap before GC invocations=7 (full 1):
 PSYoungGen      total 71680K, used 71663K [0x00000000e0000000, 0x00000000e6f00000, 0x0000000100000000)
  eden space 66560K, 100% used [0x00000000e0000000,0x00000000e4100000,0x00000000e4100000)
  from space 5120K, 99% used [0x00000000e4100000,0x00000000e45fbc00,0x00000000e4600000)
  to   space 10752K, 0% used [0x00000000e6480000,0x00000000e6480000,0x00000000e6f00000)
 ParOldGen       total 71680K, used 15010K [0x00000000a0000000, 0x00000000a4600000, 0x00000000e0000000)
  object space 71680K, 20% used [0x00000000a0000000,0x00000000a0ea8a60,0x00000000a4600000)
 Metaspace       used 28334K, capacity 28962K, committed 29312K, reserved 1075200K
  class space    used 3971K, capacity 4140K, committed 4224K, reserved 1048576K
Event: 4.817 GC heap after
Heap after GC invocations=7 (full 1):
 PSYoungGen      total 98816K, used 5706K [0x00000000e0000000, 0x00000000e6d00000, 0x0000000100000000)
  eden space 90112K, 0% used [0x00000000e0000000,0x00000000e0000000,0x00000000e5800000)
  from space 8704K, 65% used [0x00000000e6480000,0x00000000e6a12b20,0x00000000e6d00000)
  to   space 10752K, 0% used [0x00000000e5800000,0x00000000e5800000,0x00000000e6280000)
 ParOldGen       total 71680K, used 15018K [0x00000000a0000000, 0x00000000a4600000, 0x00000000e0000000)
  object space 71680K, 20% used [0x00000000a0000000,0x00000000a0eaaa60,0x00000000a4600000)
 Metaspace       used 28334K, capacity 28962K, committed 29312K, reserved 1075200K
  class space    used 3971K, capacity 4140K, committed 4224K, reserved 1048576K
}
Event: 6.054 GC heap before
{Heap before GC invocations=8 (full 1):
 PSYoungGen      total 98816K, used 95818K [0x00000000e0000000, 0x00000000e6d00000, 0x0000000100000000)
  eden space 90112K, 100% used [0x00000000e0000000,0x00000000e5800000,0x00000000e5800000)
  from space 8704K, 65% used [0x00000000e6480000,0x00000000e6a12b20,0x00000000e6d00000)
  to   space 10752K, 0% used [0x00000000e5800000,0x00000000e5800000,0x00000000e6280000)
 ParOldGen       total 71680K, used 15018K [0x00000000a0000000, 0x00000000a4600000, 0x00000000e0000000)
  object space 71680K, 20% used [0x00000000a0000000,0x00000000a0eaaa60,0x00000000a4600000)
 Metaspace       used 33077K, capacity 33908K, committed 34048K, reserved 1079296K
  class space    used 4564K, capacity 4794K, committed 4864K, reserved 1048576K
Event: 6.066 GC heap after
Heap after GC invocations=8 (full 1):
 PSYoungGen      total 100864K, used 9929K [0x00000000e0000000, 0x00000000e8c80000, 0x0000000100000000)
  eden space 90112K, 0% used [0x00000000e0000000,0x00000000e0000000,0x00000000e5800000)
  from space 10752K, 92% used [0x00000000e5800000,0x00000000e61b2520,0x00000000e6280000)
  to   space 11776K, 0% used [0x00000000e8100000,0x00000000e8100000,0x00000000e8c80000)
 ParOldGen       total 71680K, used 15026K [0x00000000a0000000, 0x00000000a4600000, 0x00000000e0000000)
  object space 71680K, 20% used [0x00000000a0000000,0x00000000a0eaca60,0x00000000a4600000)
 Metaspace       used 33077K, capacity 33908K, committed 34048K, reserved 1079296K
  class space    used 4564K, capacity 4794K, committed 4864K, reserved 1048576K
}
Event: 6.257 GC heap before
{Heap before GC invocations=9 (full 1):
 PSYoungGen      total 100864K, used 28579K [0x00000000e0000000, 0x00000000e8c80000, 0x0000000100000000)
  eden space 90112K, 20% used [0x00000000e0000000,0x00000000e1236760,0x00000000e5800000)
  from space 10752K, 92% used [0x00000000e5800000,0x00000000e61b2520,0x00000000e6280000)
  to   space 11776K, 0% used [0x00000000e8100000,0x00000000e8100000,0x00000000e8c80000)
 ParOldGen       total 71680K, used 15026K [0x00000000a0000000, 0x00000000a4600000, 0x00000000e0000000)
  object space 71680K, 20% used [0x00000000a0000000,0x00000000a0eaca60,0x00000000a4600000)
 Metaspace       used 34609K, capacity 35320K, committed 35456K, reserved 1079296K
  class space    used 4763K, capacity 4960K, committed 4992K, reserved 1048576K
Event: 6.266 GC heap after
Heap after GC invocations=9 (full 1):
 PSYoungGen      total 132608K, used 8081K [0x00000000e0000000, 0x00000000e9500000, 0x0000000100000000)
  eden space 120832K, 0% used [0x00000000e0000000,0x00000000e0000000,0x00000000e7600000)
  from space 11776K, 68% used [0x00000000e8100000,0x00000000e88e44c0,0x00000000e8c80000)
  to   space 11264K, 0% used [0x00000000e7600000,0x00000000e7600000,0x00000000e8100000)
 ParOldGen       total 71680K, used 15026K [0x00000000a0000000, 0x00000000a4600000, 0x00000000e0000000)
  object space 71680K, 20% used [0x00000000a0000000,0x00000000a0eaca60,0x00000000a4600000)
 Metaspace       used 34609K, capacity 35320K, committed 35456K, reserved 1079296K
  class space    used 4763K, capacity 4960K, committed 4992K, reserved 1048576K
}
Event: 6.266 GC heap before
{Heap before GC invocations=10 (full 2):
 PSYoungGen      total 132608K, used 8081K [0x00000000e0000000, 0x00000000e9500000, 0x0000000100000000)
  eden space 120832K, 0% used [0x00000000e0000000,0x00000000e0000000,0x00000000e7600000)
  from space 11776K, 68% used [0x00000000e8100000,0x00000000e88e44c0,0x00000000e8c80000)
  to   space 11264K, 0% used [0x00000000e7600000,0x00000000e7600000,0x00000000e8100000)
 ParOldGen       total 71680K, used 15026K [0x00000000a0000000, 0x00000000a4600000, 0x00000000e0000000)
  object space 71680K, 20% used [0x00000000a0000000,0x00000000a0eaca60,0x00000000a4600000)
 Metaspace       used 34609K, capacity 35320K, committed 35456K, reserved 1079296K
  class space    used 4763K, capacity 4960K, committed 4992K, reserved 1048576K
Event: 6.355 GC heap after
Heap after GC invocations=10 (full 2):
 PSYoungGen      total 132608K, used 0K [0x00000000e0000000, 0x00000000e9500000, 0x0000000100000000)
  eden space 120832K, 0% used [0x00000000e0000000,0x00000000e0000000,0x00000000e7600000)
  from space 11776K, 0% used [0x00000000e8100000,0x00000000e8100000,0x00000000e8c80000)
  to   space 11264K, 0% used [0x00000000e7600000,0x00000000e7600000,0x00000000e8100000)
 ParOldGen       total 104960K, used 15741K [0x00000000a0000000, 0x00000000a6680000, 0x00000000e0000000)
  object space 104960K, 14% used [0x00000000a0000000,0x00000000a0f5f4a8,0x00000000a6680000)
 Metaspace       used 34609K, capacity 35320K, committed 35456K, reserved 1079296K
  class space    used 4763K, capacity 4960K, committed 4992K, reserved 1048576K
}
Event: 8.211 GC heap before
{Heap before GC invocations=11 (full 2):
 PSYoungGen      total 132608K, used 120832K [0x00000000e0000000, 0x00000000e9500000, 0x0000000100000000)
  eden space 120832K, 100% used [0x00000000e0000000,0x00000000e7600000,0x00000000e7600000)
  from space 11776K, 0% used [0x00000000e8100000,0x00000000e8100000,0x00000000e8c80000)
  to   space 11264K, 0% used [0x00000000e7600000,0x00000000e7600000,0x00000000e8100000)
 ParOldGen       total 104960K, used 15741K [0x00000000a0000000, 0x00000000a6680000, 0x00000000e0000000)
  object space 104960K, 14% used [0x00000000a0000000,0x00000000a0f5f4a8,0x00000000a6680000)
 Metaspace       used 43428K, capacity 44416K, committed 44672K, reserved 1087488K
  class space    used 5949K, capacity 6187K, committed 6272K, reserved 1048576K
Event: 8.223 GC heap after
Heap after GC invocations=11 (full 2):
 PSYoungGen      total 132096K, used 11235K [0x00000000e0000000, 0x00000000eab00000, 0x0000000100000000)
  eden space 120832K, 0% used [0x00000000e0000000,0x00000000e0000000,0x00000000e7600000)
  from space 11264K, 99% used [0x00000000e7600000,0x00000000e80f8ce0,0x00000000e8100000)
  to   space 12800K, 0% used [0x00000000e9e80000,0x00000000e9e80000,0x00000000eab00000)
 ParOldGen       total 104960K, used 15813K [0x00000000a0000000, 0x00000000a6680000, 0x00000000e0000000)
  object space 104960K, 15% used [0x00000000a0000000,0x00000000a0f714b8,0x00000000a6680000)
 Metaspace       used 43428K, capacity 44416K, committed 44672K, reserved 1087488K
  class space    used 5949K, capacity 6187K, committed 6272K, reserved 1048576K
}

Deoptimization events (10 events):
Event: 8.744 Thread 0x0000000019a03000 Uncommon trap: reason=unstable_if action=reinterpret pc=0x0000000003a7d600 method=java.util.TreeMap.put(Ljava/lang/Object;Ljava/lang/Object;)Ljava/lang/Object; @ 163
Event: 9.091 Thread 0x0000000019a03000 Uncommon trap: reason=class_check action=maybe_recompile pc=0x00000000040b80d4 method=java.util.Hashtable.get(Ljava/lang/Object;)Ljava/lang/Object; @ 45
Event: 9.091 Thread 0x0000000019a03000 Uncommon trap: reason=class_check action=maybe_recompile pc=0x00000000040bc1d0 method=java.util.Hashtable.put(Ljava/lang/Object;Ljava/lang/Object;)Ljava/lang/Object; @ 60
Event: 9.091 Thread 0x0000000019a03000 Uncommon trap: reason=class_check action=maybe_recompile pc=0x00000000040b80d4 method=java.util.Hashtable.get(Ljava/lang/Object;)Ljava/lang/Object; @ 45
Event: 9.091 Thread 0x0000000019a03000 Uncommon trap: reason=class_check action=maybe_recompile pc=0x00000000040bc1d0 method=java.util.Hashtable.put(Ljava/lang/Object;Ljava/lang/Object;)Ljava/lang/Object; @ 60
Event: 9.102 Thread 0x0000000019a03000 Uncommon trap: reason=class_check action=maybe_recompile pc=0x00000000040b80d4 method=java.util.Hashtable.get(Ljava/lang/Object;)Ljava/lang/Object; @ 45
Event: 9.102 Thread 0x0000000019a03000 Uncommon trap: reason=class_check action=maybe_recompile pc=0x00000000040b80d4 method=java.util.Hashtable.get(Ljava/lang/Object;)Ljava/lang/Object; @ 45
Event: 9.105 Thread 0x0000000019a03000 Uncommon trap: reason=unstable_if action=reinterpret pc=0x00000000033f7728 method=java.lang.String.replace(CC)Ljava/lang/String; @ 2
Event: 9.107 Thread 0x0000000019a03000 Uncommon trap: reason=unstable_if action=reinterpret pc=0x0000000003fdd608 method=groovy.lang.MetaClassImpl.checkIfStdMethod(Lgroovy/lang/MetaMethod;)V @ 79
Event: 9.156 Thread 0x0000000019a03000 Uncommon trap: reason=predicate action=maybe_recompile pc=0x00000000035de958 method=org.gradle.internal.logging.text.AbstractLineChoppingStyledTextOutput.doAppend(Ljava/lang/String;)V @ 10

Internal exceptions (10 events):
Event: 9.109 Thread 0x0000000019a03000 Exception <a 'java/lang/ClassNotFoundException': groovy/util/BuilderSupportBeanInfo> (0x00000000e3ec21c0) thrown at [C:\re\workspace\8-2-build-windows-amd64-cygwin\jdk8u111\7883\hotspot\src\share\vm\classfile\systemDictionary.cpp, line 210]
Event: 9.110 Thread 0x0000000019a03000 Exception <a 'java/lang/ClassNotFoundException': groovy/util/BuilderSupportCustomizer> (0x00000000e3ecf318) thrown at [C:\re\workspace\8-2-build-windows-amd64-cygwin\jdk8u111\7883\hotspot\src\share\vm\classfile\systemDictionary.cpp, line 210]
Event: 9.110 Thread 0x0000000019a03000 Exception <a 'java/lang/ClassNotFoundException': groovy/util/AntBuilderCustomizer> (0x00000000e3ede680) thrown at [C:\re\workspace\8-2-build-windows-amd64-cygwin\jdk8u111\7883\hotspot\src\share\vm\classfile\systemDictionary.cpp, line 210]
Event: 9.111 Thread 0x0000000019a03000 Exception <a 'java/lang/ClassNotFoundException': org/gradle/api/AntBuilderCustomizer> (0x00000000e3ef1628) thrown at [C:\re\workspace\8-2-build-windows-amd64-cygwin\jdk8u111\7883\hotspot\src\share\vm\classfile\systemDictionary.cpp, line 210]
Event: 9.111 Thread 0x0000000019a03000 Exception <a 'java/lang/ClassNotFoundException': org/gradle/api/internal/project/ant/BasicAntBuilderCustomizer> (0x00000000e3f0f910) thrown at [C:\re\workspace\8-2-build-windows-amd64-cygwin\jdk8u111\7883\hotspot\src\share\vm\classfile\systemDictionary.cp
Event: 9.112 Thread 0x0000000019a03000 Exception <a 'java/lang/ClassNotFoundException': org/gradle/api/internal/project/DefaultAntBuilderCustomizer> (0x00000000e3f356e8) thrown at [C:\re\workspace\8-2-build-windows-amd64-cygwin\jdk8u111\7883\hotspot\src\share\vm\classfile\systemDictionary.cpp,
Event: 9.128 Thread 0x0000000019a03000 Exception <a 'java/lang/ClassNotFoundException': com/android/build/gradle/internal/tasks/DeviceProviderInstrumentTestTask_DecoratedBeanInfo> (0x00000000e40b5560) thrown at [C:\re\workspace\8-2-build-windows-amd64-cygwin\jdk8u111\7883\hotspot\src\share\vm\
Event: 9.128 Thread 0x0000000019a03000 Exception <a 'java/lang/ClassNotFoundException': com/android/build/gradle/internal/tasks/DeviceProviderInstrumentTestTaskBeanInfo> (0x00000000e40ca568) thrown at [C:\re\workspace\8-2-build-windows-amd64-cygwin\jdk8u111\7883\hotspot\src\share\vm\classfile\
Event: 9.128 Thread 0x0000000019a03000 Exception <a 'java/lang/ClassNotFoundException': com/android/build/gradle/internal/tasks/DeviceProviderInstrumentTestTaskCustomizer> (0x00000000e40df5c8) thrown at [C:\re\workspace\8-2-build-windows-amd64-cygwin\jdk8u111\7883\hotspot\src\share\vm\classfil
Event: 9.130 Thread 0x0000000019a03000 Exception <a 'java/lang/ClassNotFoundException': com/android/build/gradle/internal/tasks/DeviceProviderInstrumentTestTask_DecoratedCustomizer> (0x00000000e41288b8) thrown at [C:\re\workspace\8-2-build-windows-amd64-cygwin\jdk8u111\7883\hotspot\src\share\v

Events (10 events):
Event: 9.180 loading class com/google/wireless/android/sdk/stats/AndroidStudioStats$AndroidStudioEvent$DebuggerType$1
Event: 9.180 loading class com/google/wireless/android/sdk/stats/AndroidStudioStats$AndroidStudioEvent$DebuggerType$1 done
Event: 9.180 loading class com/google/wireless/android/sdk/stats/AndroidStudioStats$DeviceInfo
Event: 9.180 loading class com/google/wireless/android/sdk/stats/AndroidStudioStats$DeviceInfo done
Event: 9.182 loading class com/google/wireless/android/sdk/stats/AndroidStudioStats$DeviceInfo$1
Event: 9.182 loading class com/google/wireless/android/sdk/stats/AndroidStudioStats$DeviceInfo$1 done
Event: 9.182 loading class com/google/wireless/android/sdk/stats/AndroidStudioStats$DeviceInfo$ApplicationBinaryInterface
Event: 9.182 loading class com/google/wireless/android/sdk/stats/AndroidStudioStats$DeviceInfo$ApplicationBinaryInterface done
Event: 9.183 loading class com/google/wireless/android/sdk/stats/AndroidStudioStats$DeviceInfo$ApplicationBinaryInterface$1
Event: 9.183 loading class com/google/wireless/android/sdk/stats/AndroidStudioStats$DeviceInfo$ApplicationBinaryInterface$1 done


Dynamic libraries:
0x00007ff7bdc90000 - 0x00007ff7bdcc7000 	C:\Program Files\Java\jdk1.8.0_111\bin\java.exe
0x00007ffb655a0000 - 0x00007ffb65771000 	C:\WINDOWS\SYSTEM32\ntdll.dll
0x00007ffb64b90000 - 0x00007ffb64c3b000 	C:\WINDOWS\System32\KERNEL32.DLL
0x00007ffb62910000 - 0x00007ffb62b2d000 	C:\WINDOWS\System32\KERNELBASE.dll
0x00007ffb62d80000 - 0x00007ffb62e22000 	C:\WINDOWS\System32\ADVAPI32.dll
0x00007ffb64cf0000 - 0x00007ffb64d8e000 	C:\WINDOWS\System32\msvcrt.dll
0x00007ffb64a60000 - 0x00007ffb64ab9000 	C:\WINDOWS\System32\sechost.dll
0x00007ffb647d0000 - 0x00007ffb648f1000 	C:\WINDOWS\System32\RPCRT4.dll
0x00007ffb62c10000 - 0x00007ffb62d75000 	C:\WINDOWS\System32\USER32.dll
0x00007ffb62440000 - 0x00007ffb6245e000 	C:\WINDOWS\System32\win32u.dll
0x00007ffb64cb0000 - 0x00007ffb64ce4000 	C:\WINDOWS\System32\GDI32.dll
0x00007ffb62670000 - 0x00007ffb627f2000 	C:\WINDOWS\System32\gdi32full.dll
0x00007ffb549c0000 - 0x00007ffb54c39000 	C:\WINDOWS\WinSxS\amd64_microsoft.windows.common-controls_6595b64144ccf1df_6.0.14393.447_none_42191651c6827bb3\COMCTL32.dll
0x00007ffb62e30000 - 0x00007ffb630f8000 	C:\WINDOWS\System32\combase.dll
0x00007ffb61a90000 - 0x00007ffb61b85000 	C:\WINDOWS\System32\ucrtbase.dll
0x00007ffb628a0000 - 0x00007ffb6290a000 	C:\WINDOWS\System32\bcryptPrimitives.dll
0x00007ffb64b60000 - 0x00007ffb64b8e000 	C:\WINDOWS\System32\IMM32.DLL
0x0000000069c90000 - 0x0000000069d62000 	C:\Program Files\Java\jdk1.8.0_111\jre\bin\msvcr100.dll
0x00000000693f0000 - 0x0000000069c8a000 	C:\Program Files\Java\jdk1.8.0_111\jre\bin\server\jvm.dll
0x00007ffb63160000 - 0x00007ffb63168000 	C:\WINDOWS\System32\PSAPI.DLL
0x00007ffb54690000 - 0x00007ffb54699000 	C:\WINDOWS\SYSTEM32\WSOCK32.dll
0x00007ffb64c40000 - 0x00007ffb64caa000 	C:\WINDOWS\System32\WS2_32.dll
0x00007ffb5fde0000 - 0x00007ffb5fe03000 	C:\WINDOWS\SYSTEM32\WINMM.dll
0x00007ffb5d610000 - 0x00007ffb5d61a000 	C:\WINDOWS\SYSTEM32\VERSION.dll
0x00007ffb5fb60000 - 0x00007ffb5fb8b000 	C:\WINDOWS\SYSTEM32\WINMMBASE.dll
0x00007ffb62620000 - 0x00007ffb62662000 	C:\WINDOWS\System32\cfgmgr32.dll
0x000000006aac0000 - 0x000000006aacf000 	C:\Program Files\Java\jdk1.8.0_111\jre\bin\verify.dll
0x000000006a9e0000 - 0x000000006aa09000 	C:\Program Files\Java\jdk1.8.0_111\jre\bin\java.dll
0x000000006a9c0000 - 0x000000006a9d6000 	C:\Program Files\Java\jdk1.8.0_111\jre\bin\zip.dll
0x00007ffb63170000 - 0x00007ffb64679000 	C:\WINDOWS\System32\SHELL32.dll
0x00007ffb61d60000 - 0x00007ffb6243a000 	C:\WINDOWS\System32\windows.storage.dll
0x00007ffb61a20000 - 0x00007ffb61a6c000 	C:\WINDOWS\System32\powrprof.dll
0x00007ffb64a00000 - 0x00007ffb64a52000 	C:\WINDOWS\System32\shlwapi.dll
0x00007ffb61a70000 - 0x00007ffb61a7f000 	C:\WINDOWS\System32\kernel.appcore.dll
0x00007ffb62570000 - 0x00007ffb62619000 	C:\WINDOWS\System32\shcore.dll
0x00007ffb61a00000 - 0x00007ffb61a14000 	C:\WINDOWS\System32\profapi.dll
0x000000006a9a0000 - 0x000000006a9ba000 	C:\Program Files\Java\jdk1.8.0_111\jre\bin\net.dll
0x00007ffb612d0000 - 0x00007ffb6132c000 	C:\WINDOWS\system32\mswsock.dll
0x000000006a980000 - 0x000000006a991000 	C:\Program Files\Java\jdk1.8.0_111\jre\bin\nio.dll
0x00007ffb4f650000 - 0x00007ffb4f662000 	C:\Users\juanj\.gradle\native\19\windows-amd64\native-platform.dll
0x00007ffb614e0000 - 0x00007ffb614f7000 	C:\WINDOWS\SYSTEM32\CRYPTSP.dll
0x00007ffb60ee0000 - 0x00007ffb60f13000 	C:\WINDOWS\system32\rsaenh.dll
0x00007ffb61940000 - 0x00007ffb6196b000 	C:\WINDOWS\SYSTEM32\bcrypt.dll
0x00007ffb61160000 - 0x00007ffb6117f000 	C:\WINDOWS\SYSTEM32\USERENV.dll
0x00007ffb614d0000 - 0x00007ffb614db000 	C:\WINDOWS\SYSTEM32\CRYPTBASE.dll
0x00007ffb61060000 - 0x00007ffb61098000 	C:\WINDOWS\SYSTEM32\IPHLPAPI.DLL
0x00007ffb65390000 - 0x00007ffb65398000 	C:\WINDOWS\System32\NSI.dll
0x00007ffb5b810000 - 0x00007ffb5b826000 	C:\WINDOWS\SYSTEM32\dhcpcsvc6.DLL
0x00007ffb5b6e0000 - 0x00007ffb5b6fa000 	C:\WINDOWS\SYSTEM32\dhcpcsvc.DLL
0x00000000693b0000 - 0x00000000693bd000 	C:\Program Files\Java\jdk1.8.0_111\jre\bin\management.dll

VM Arguments:
jvm_args: -Xmx1536m -Dfile.encoding=windows-1252 -Duser.country=ES -Duser.language=es -Duser.variant 
java_command: org.gradle.launcher.daemon.bootstrap.GradleDaemon 2.14.1
java_class_path (initial): C:\Users\juanj\.gradle\wrapper\dists\gradle-2.14.1-all\8bnwg5hd3w55iofp58khbp6yv\gradle-2.14.1\lib\gradle-launcher-2.14.1.jar
Launcher Type: SUN_STANDARD

Environment Variables:
JAVA_HOME=C:\Program Files\Java\jdk1.8.0_111
PATH=C:\ProgramData\Oracle\Java\javapath;C:\WINDOWS\system32;C:\WINDOWS;C:\WINDOWS\System32\Wbem;C:\WINDOWS\System32\WindowsPowerShell\v1.0\;C:\Program Files\Microsoft\Web Platform Installer\;C:\Program Files (x86)\Microsoft ASP.NET\ASP.NET Web Pages\v1.0\;C:\Program Files\Microsoft SQL Server\130\Tools\Binn\;C:\apache-maven-3.3.9\bin;C:\gradle-3.2.1\bin;C:\php\ext;C:\php;C:\ProgramData\ComposerSetup\bin;C:\Program Files\Git\cmd;C:\Program Files (x86)\Brackets\command;C:\Program Files\Java\jdk1.8.0_111\bin;C:\Program Files (x86)\Microsoft SQL Server\130\Tools\Binn\;C:\Program Files (x86)\Microsoft SQL Server\Client SDK\ODBC\130\Tools\Binn\;C:\Program Files (x86)\Microsoft SQL Server\130\DTS\Binn\;C:\Program Files (x86)\Microsoft SQL Server\130\Tools\Binn\ManagementStudio\;C:\Users\juanj\AppData\Local\Microsoft\WindowsApps;C:\Users\juanj\AppData\Roaming\Composer\vendor\bin;C:\Program Files (x86)\Microsoft VS Code\bin
USERNAME=juanj
OS=Windows_NT
PROCESSOR_IDENTIFIER=Intel64 Family 6 Model 30 Stepping 5, GenuineIntel



---------------  S Y S T E M  ---------------

OS: Windows 10.0 , 64 bit Build 14393 (10.0.14393.0)

CPU:total 4 (4 cores per cpu, 1 threads per core) family 6 model 30 stepping 5, cmov, cx8, fxsr, mmx, sse, sse2, sse3, ssse3, sse4.1, sse4.2, popcnt, tsc, tscinvbit

Memory: 4k page, physical 8347124k(334072k free), swap 9395700k(5396k free)

vm_info: Java HotSpot(TM) 64-Bit Server VM (25.111-b14) for windows-amd64 JRE (1.8.0_111-b14), built on Sep 22 2016 19:24:05 by "java_re" with MS VC++ 10.0 (VS2010)

time: Tue Mar 07 17:03:11 2017
elapsed time: 9 seconds (0d 0h 0m 9s)

