#
# There is insufficient memory for the Java Runtime Environment to continue.
# Native memory allocation (malloc) failed to allocate 1042416 bytes for Chunk::new
# Possible reasons:
#   The system is out of physical RAM or swap space
#   In 32 bit mode, the process size limit was hit
# Possible solutions:
#   Reduce memory load on the system
#   Increase physical memory or swap space
#   Check if swap backing store is full
#   Use 64 bit Java on a 64 bit OS
#   Decrease Java heap size (-Xmx/-Xms)
#   Decrease number of Java threads
#   Decrease Java thread stack sizes (-Xss)
#   Set larger code cache with -XX:ReservedCodeCacheSize=
# This output file may be truncated or incomplete.
#
#  Out of Memory Error (allocation.cpp:390), pid=7760, tid=0x0000000000001e8c
#
# JRE version: Java(TM) SE Runtime Environment (8.0_111-b14) (build 1.8.0_111-b14)
# Java VM: Java HotSpot(TM) 64-Bit Server VM (25.111-b14 mixed mode windows-amd64 compressed oops)
# Failed to write core dump. Minidumps are not enabled by default on client versions of Windows
#

---------------  T H R E A D  ---------------

Current thread (0x00000000165a1000):  JavaThread "C2 CompilerThread1" daemon [_thread_in_native, id=7820, stack(0x0000000017d20000,0x0000000017e20000)]

Stack: [0x0000000017d20000,0x0000000017e20000]
[error occurred during error reporting (printing stack bounds), id 0xc0000005]

Native frames: (J=compiled Java code, j=interpreted, Vv=VM code, C=native code)


Current CompileTask:
C2:   8901 5194       4       groovy.lang.MetaClassImpl::addMetaMethodToIndex (65 bytes)


---------------  P R O C E S S  ---------------

Java Threads: ( => current thread )
  0x000000001919a800 JavaThread "File lock request listener" [_thread_in_native, id=7696, stack(0x000000001eae0000,0x000000001ebe0000)]
  0x000000001919d800 JavaThread "Stdin handler" [_thread_blocked, id=6724, stack(0x000000001b070000,0x000000001b170000)]
  0x0000000019199000 JavaThread "Asynchronous log dispatcher for org.gradle.launcher.daemon.server.DefaultDaemonConnection@38c79e03" [_thread_blocked, id=6756, stack(0x000000001af70000,0x000000001b070000)]
  0x000000001919c800 JavaThread "Daemon worker" [_thread_in_native_trans, id=7896, stack(0x000000001ac70000,0x000000001ad70000)]
  0x0000000019198000 JavaThread "Cancel handler" [_thread_blocked, id=7876, stack(0x000000001ab70000,0x000000001ac70000)]
  0x000000001919c000 JavaThread "Handler for socket connection from /127.0.0.1:53341 to /127.0.0.1:53342" [_thread_in_native, id=7872, stack(0x000000001aa70000,0x000000001ab70000)]
  0x000000001919b000 JavaThread "Daemon" [_thread_blocked, id=7848, stack(0x000000001a970000,0x000000001aa70000)]
  0x000000001919f000 JavaThread "Incoming local TCP Connector on port 53341" [_thread_in_native, id=7860, stack(0x000000001a270000,0x000000001a370000)]
  0x000000001919e000 JavaThread "pool-1-thread-1" [_thread_blocked, id=7912, stack(0x000000001a170000,0x000000001a270000)]
  0x0000000017f50800 JavaThread "Service Thread" daemon [_thread_blocked, id=7884, stack(0x0000000018320000,0x0000000018420000)]
  0x00000000165a7000 JavaThread "C1 CompilerThread2" daemon [_thread_blocked, id=7888, stack(0x0000000017e20000,0x0000000017f20000)]
=>0x00000000165a1000 JavaThread "C2 CompilerThread1" daemon [_thread_in_native, id=7820, stack(0x0000000017d20000,0x0000000017e20000)]
  0x000000001659e000 JavaThread "C2 CompilerThread0" daemon [_thread_in_native, id=7864, stack(0x0000000017c20000,0x0000000017d20000)]
  0x000000001659b800 JavaThread "Attach Listener" daemon [_thread_blocked, id=7976, stack(0x0000000017b20000,0x0000000017c20000)]
  0x000000001659a800 JavaThread "Signal Dispatcher" daemon [_thread_blocked, id=8696, stack(0x0000000017a20000,0x0000000017b20000)]
  0x000000001658a800 JavaThread "Finalizer" daemon [_thread_blocked, id=7984, stack(0x0000000017810000,0x0000000017910000)]
  0x0000000002c1f000 JavaThread "Reference Handler" daemon [_thread_blocked, id=7980, stack(0x0000000017710000,0x0000000017810000)]
  0x0000000002b31000 JavaThread "main" [_thread_blocked, id=10984, stack(0x00000000029b0000,0x0000000002ab0000)]

Other Threads:
  0x0000000016568000 VMThread [stack: 0x0000000017610000,0x0000000017710000] [id=7968]
  0x0000000017f5a000 WatcherThread [stack: 0x0000000018420000,0x0000000018520000] [id=7908]

VM state:not at safepoint (normal execution)

VM Mutex/Monitor currently owned by a thread: None

Heap:
 PSYoungGen      total 132096K, used 31294K [0x00000000e0000000, 0x00000000e9900000, 0x0000000100000000)
  eden space 120320K, 17% used [0x00000000e0000000,0x00000000e143e6c0,0x00000000e7580000)
  from space 11776K, 89% used [0x00000000e7580000,0x00000000e7fd1150,0x00000000e8100000)
  to   space 11264K, 0% used [0x00000000e8100000,0x00000000e8100000,0x00000000e8c00000)
 ParOldGen       total 70144K, used 15648K [0x00000000a0000000, 0x00000000a4480000, 0x00000000e0000000)
  object space 70144K, 22% used [0x00000000a0000000,0x00000000a0f481b8,0x00000000a4480000)
 Metaspace       used 43678K, capacity 44640K, committed 44928K, reserved 1087488K
  class space    used 5960K, capacity 6183K, committed 6272K, reserved 1048576K

Card table byte_map: [0x0000000011ff0000,0x0000000012300000] byte_map_base: 0x0000000011af0000

Marking Bits: (ParMarkBitMap*) 0x0000000069c0a6c0
 Begin Bits: [0x0000000012900000, 0x0000000014100000)
 End Bits:   [0x0000000014100000, 0x0000000015900000)

Polling page: 0x0000000000d80000

CodeCache: size=245760Kb used=17886Kb max_used=18143Kb free=227873Kb
 bounds [0x0000000002c30000, 0x0000000003e10000, 0x0000000011c30000]
 total_blobs=5748 nmethods=5051 adapters=609
 compilation: enabled

Compilation events (10 events):
Event: 8.878 Thread 0x00000000165a7000 5260       3       org.apache.commons.collections.map.AbstractHashedMap::getEntry (64 bytes)
Event: 8.879 Thread 0x00000000165a7000 nmethod 5260 0x0000000002d61490 code [0x0000000002d61640, 0x0000000002d61cb8]
Event: 8.882 Thread 0x00000000165a7000 5261       3       org.objectweb.asm.ClassWriter::a (64 bytes)
Event: 8.883 Thread 0x00000000165a7000 nmethod 5261 0x0000000002f10490 code [0x0000000002f10640, 0x0000000002f10a88]
Event: 8.883 Thread 0x00000000165a7000 5262       3       org.gradle.api.internal.AsmBackedClassGenerator$ClassBuilderImpl::applyConventionMappingToSetter (170 bytes)
Event: 8.884 Thread 0x00000000165a7000 nmethod 5262 0x0000000002e09390 code [0x0000000002e09720, 0x0000000002e0b388]
Event: 8.886 Thread 0x00000000165a7000 5263       1       org.gradle.api.internal.AbstractTask::getInputs (5 bytes)
Event: 8.886 Thread 0x00000000165a7000 nmethod 5263 0x000000000302dc50 code [0x000000000302dda0, 0x000000000302deb0]
Event: 8.887 Thread 0x00000000165a7000 5264       1       org.gradle.api.internal.project.taskfactory.AnnotationProcessingTaskFactory$PropertyInfo::access$300 (5 bytes)
Event: 8.887 Thread 0x00000000165a7000 nmethod 5264 0x0000000002e090d0 code [0x0000000002e09220, 0x0000000002e09310]

GC Heap History (10 events):
Event: 4.838 GC heap before
{Heap before GC invocations=7 (full 1):
 PSYoungGen      total 71680K, used 71652K [0x00000000e0000000, 0x00000000e6f00000, 0x0000000100000000)
  eden space 66560K, 100% used [0x00000000e0000000,0x00000000e4100000,0x00000000e4100000)
  from space 5120K, 99% used [0x00000000e4100000,0x00000000e45f9258,0x00000000e4600000)
  to   space 10240K, 0% used [0x00000000e6500000,0x00000000e6500000,0x00000000e6f00000)
 ParOldGen       total 70144K, used 13634K [0x00000000a0000000, 0x00000000a4480000, 0x00000000e0000000)
  object space 70144K, 19% used [0x00000000a0000000,0x00000000a0d50970,0x00000000a4480000)
 Metaspace       used 28004K, capacity 28428K, committed 28672K, reserved 1073152K
  class space    used 3895K, capacity 4039K, committed 4096K, reserved 1048576K
Event: 4.845 GC heap after
Heap after GC invocations=7 (full 1):
 PSYoungGen      total 97280K, used 5599K [0x00000000e0000000, 0x00000000e6c00000, 0x0000000100000000)
  eden space 90112K, 0% used [0x00000000e0000000,0x00000000e0000000,0x00000000e5800000)
  from space 7168K, 78% used [0x00000000e6500000,0x00000000e6a77c20,0x00000000e6c00000)
  to   space 10240K, 0% used [0x00000000e5800000,0x00000000e5800000,0x00000000e6200000)
 ParOldGen       total 70144K, used 13642K [0x00000000a0000000, 0x00000000a4480000, 0x00000000e0000000)
  object space 70144K, 19% used [0x00000000a0000000,0x00000000a0d52970,0x00000000a4480000)
 Metaspace       used 28004K, capacity 28428K, committed 28672K, reserved 1073152K
  class space    used 3895K, capacity 4039K, committed 4096K, reserved 1048576K
}
Event: 6.234 GC heap before
{Heap before GC invocations=8 (full 1):
 PSYoungGen      total 97280K, used 95711K [0x00000000e0000000, 0x00000000e6c00000, 0x0000000100000000)
  eden space 90112K, 100% used [0x00000000e0000000,0x00000000e5800000,0x00000000e5800000)
  from space 7168K, 78% used [0x00000000e6500000,0x00000000e6a77c20,0x00000000e6c00000)
  to   space 10240K, 0% used [0x00000000e5800000,0x00000000e5800000,0x00000000e6200000)
 ParOldGen       total 70144K, used 13642K [0x00000000a0000000, 0x00000000a4480000, 0x00000000e0000000)
  object space 70144K, 19% used [0x00000000a0000000,0x00000000a0d52970,0x00000000a4480000)
 Metaspace       used 32975K, capacity 33630K, committed 33920K, reserved 1079296K
  class space    used 4529K, capacity 4693K, committed 4736K, reserved 1048576K
Event: 6.251 GC heap after
Heap after GC invocations=8 (full 1):
 PSYoungGen      total 100352K, used 10089K [0x00000000e0000000, 0x00000000e8c00000, 0x0000000100000000)
  eden space 90112K, 0% used [0x00000000e0000000,0x00000000e0000000,0x00000000e5800000)
  from space 10240K, 98% used [0x00000000e5800000,0x00000000e61da7c0,0x00000000e6200000)
  to   space 11264K, 0% used [0x00000000e8100000,0x00000000e8100000,0x00000000e8c00000)
 ParOldGen       total 70144K, used 13650K [0x00000000a0000000, 0x00000000a4480000, 0x00000000e0000000)
  object space 70144K, 19% used [0x00000000a0000000,0x00000000a0d54970,0x00000000a4480000)
 Metaspace       used 32975K, capacity 33630K, committed 33920K, reserved 1079296K
  class space    used 4529K, capacity 4693K, committed 4736K, reserved 1048576K
}
Event: 6.625 GC heap before
{Heap before GC invocations=9 (full 1):
 PSYoungGen      total 100352K, used 26870K [0x00000000e0000000, 0x00000000e8c00000, 0x0000000100000000)
  eden space 90112K, 18% used [0x00000000e0000000,0x00000000e1063388,0x00000000e5800000)
  from space 10240K, 98% used [0x00000000e5800000,0x00000000e61da7c0,0x00000000e6200000)
  to   space 11264K, 0% used [0x00000000e8100000,0x00000000e8100000,0x00000000e8c00000)
 ParOldGen       total 70144K, used 13650K [0x00000000a0000000, 0x00000000a4480000, 0x00000000e0000000)
  object space 70144K, 19% used [0x00000000a0000000,0x00000000a0d54970,0x00000000a4480000)
 Metaspace       used 34622K, capacity 35170K, committed 35456K, reserved 1079296K
  class space    used 4742K, capacity 4923K, committed 4992K, reserved 1048576K
Event: 6.649 GC heap after
Heap after GC invocations=9 (full 1):
 PSYoungGen      total 131584K, used 8761K [0x00000000e0000000, 0x00000000e9900000, 0x0000000100000000)
  eden space 120320K, 0% used [0x00000000e0000000,0x00000000e0000000,0x00000000e7580000)
  from space 11264K, 77% used [0x00000000e8100000,0x00000000e898e610,0x00000000e8c00000)
  to   space 11776K, 0% used [0x00000000e7580000,0x00000000e7580000,0x00000000e8100000)
 ParOldGen       total 70144K, used 13658K [0x00000000a0000000, 0x00000000a4480000, 0x00000000e0000000)
  object space 70144K, 19% used [0x00000000a0000000,0x00000000a0d56970,0x00000000a4480000)
 Metaspace       used 34622K, capacity 35170K, committed 35456K, reserved 1079296K
  class space    used 4742K, capacity 4923K, committed 4992K, reserved 1048576K
}
Event: 6.649 GC heap before
{Heap before GC invocations=10 (full 2):
 PSYoungGen      total 131584K, used 8761K [0x00000000e0000000, 0x00000000e9900000, 0x0000000100000000)
  eden space 120320K, 0% used [0x00000000e0000000,0x00000000e0000000,0x00000000e7580000)
  from space 11264K, 77% used [0x00000000e8100000,0x00000000e898e610,0x00000000e8c00000)
  to   space 11776K, 0% used [0x00000000e7580000,0x00000000e7580000,0x00000000e8100000)
 ParOldGen       total 70144K, used 13658K [0x00000000a0000000, 0x00000000a4480000, 0x00000000e0000000)
  object space 70144K, 19% used [0x00000000a0000000,0x00000000a0d56970,0x00000000a4480000)
 Metaspace       used 34622K, capacity 35170K, committed 35456K, reserved 1079296K
  class space    used 4742K, capacity 4923K, committed 4992K, reserved 1048576K
Event: 6.789 GC heap after
Heap after GC invocations=10 (full 2):
 PSYoungGen      total 131584K, used 0K [0x00000000e0000000, 0x00000000e9900000, 0x0000000100000000)
  eden space 120320K, 0% used [0x00000000e0000000,0x00000000e0000000,0x00000000e7580000)
  from space 11264K, 0% used [0x00000000e8100000,0x00000000e8100000,0x00000000e8c00000)
  to   space 11776K, 0% used [0x00000000e7580000,0x00000000e7580000,0x00000000e8100000)
 ParOldGen       total 70144K, used 15576K [0x00000000a0000000, 0x00000000a4480000, 0x00000000e0000000)
  object space 70144K, 22% used [0x00000000a0000000,0x00000000a0f361a8,0x00000000a4480000)
 Metaspace       used 34622K, capacity 35170K, committed 35456K, reserved 1079296K
  class space    used 4742K, capacity 4923K, committed 4992K, reserved 1048576K
}
Event: 8.726 GC heap before
{Heap before GC invocations=11 (full 2):
 PSYoungGen      total 131584K, used 120320K [0x00000000e0000000, 0x00000000e9900000, 0x0000000100000000)
  eden space 120320K, 100% used [0x00000000e0000000,0x00000000e7580000,0x00000000e7580000)
  from space 11264K, 0% used [0x00000000e8100000,0x00000000e8100000,0x00000000e8c00000)
  to   space 11776K, 0% used [0x00000000e7580000,0x00000000e7580000,0x00000000e8100000)
 ParOldGen       total 70144K, used 15576K [0x00000000a0000000, 0x00000000a4480000, 0x00000000e0000000)
  object space 70144K, 22% used [0x00000000a0000000,0x00000000a0f361a8,0x00000000a4480000)
 Metaspace       used 43117K, capacity 43948K, committed 44288K, reserved 1087488K
  class space    used 5868K, capacity 6113K, committed 6144K, reserved 1048576K
Event: 8.741 GC heap after
Heap after GC invocations=11 (full 2):
 PSYoungGen      total 132096K, used 10564K [0x00000000e0000000, 0x00000000e9900000, 0x0000000100000000)
  eden space 120320K, 0% used [0x00000000e0000000,0x00000000e0000000,0x00000000e7580000)
  from space 11776K, 89% used [0x00000000e7580000,0x00000000e7fd1150,0x00000000e8100000)
  to   space 11264K, 0% used [0x00000000e8100000,0x00000000e8100000,0x00000000e8c00000)
 ParOldGen       total 70144K, used 15648K [0x00000000a0000000, 0x00000000a4480000, 0x00000000e0000000)
  object space 70144K, 22% used [0x00000000a0000000,0x00000000a0f481b8,0x00000000a4480000)
 Metaspace       used 43117K, capacity 43948K, committed 44288K, reserved 1087488K
  class space    used 5868K, capacity 6113K, committed 6144K, reserved 1048576K
}

Deoptimization events (10 events):
Event: 7.670 Thread 0x000000001919c800 Uncommon trap: reason=unstable_if action=reinterpret pc=0x00000000030ac450 method=java.io.DataInputStream.readUTF(Ljava/io/DataInput;)Ljava/lang/String; @ 31
Event: 7.795 Thread 0x000000001919c800 Uncommon trap: reason=unstable_if action=reinterpret pc=0x00000000035b7208 method=java.lang.CharacterDataLatin1.digit(II)I @ 31
Event: 7.804 Thread 0x000000001919c800 Uncommon trap: reason=unstable_if action=reinterpret pc=0x0000000003b7e5ec method=com.sun.org.apache.xerces.internal.impl.XMLEntityScanner.scanContent(Lcom/sun/org/apache/xerces/internal/xni/XMLString;)I @ 526
Event: 7.809 Thread 0x000000001919c800 Uncommon trap: reason=unstable_if action=reinterpret pc=0x000000000358c768 method=java.lang.CharacterDataLatin1.digit(II)I @ 31
Event: 8.613 Thread 0x000000001919c800 Uncommon trap: reason=predicate action=maybe_recompile pc=0x0000000003d8baec method=java.util.AbstractCollection.toArray([Ljava/lang/Object;)[Ljava/lang/Object; @ 49
Event: 8.617 Thread 0x000000001919c800 Uncommon trap: reason=array_check action=maybe_recompile pc=0x0000000003d898ec method=java.util.AbstractCollection.toArray([Ljava/lang/Object;)[Ljava/lang/Object; @ 119
Event: 8.617 Thread 0x000000001919c800 Uncommon trap: reason=array_check action=maybe_recompile pc=0x0000000003d898ec method=java.util.AbstractCollection.toArray([Ljava/lang/Object;)[Ljava/lang/Object; @ 119
Event: 8.617 Thread 0x000000001919c800 Uncommon trap: reason=array_check action=maybe_recompile pc=0x0000000003d898ec method=java.util.AbstractCollection.toArray([Ljava/lang/Object;)[Ljava/lang/Object; @ 119
Event: 8.617 Thread 0x000000001919c800 Uncommon trap: reason=array_check action=maybe_recompile pc=0x0000000003d898ec method=java.util.AbstractCollection.toArray([Ljava/lang/Object;)[Ljava/lang/Object; @ 119
Event: 8.799 Thread 0x000000001919c800 Uncommon trap: reason=unstable_if action=reinterpret pc=0x000000000366e9ac method=java.io.WinNTFileSystem.normalizePrefix(Ljava/lang/String;ILjava/lang/StringBuffer;)I @ 62

Internal exceptions (10 events):
Event: 8.860 Thread 0x000000001919c800 Exception <a 'java/lang/ClassNotFoundException': com/android/build/gradle/tasks/MergeSourceSetFoldersCustomizer> (0x00000000e0d43db0) thrown at [C:\re\workspace\8-2-build-windows-amd64-cygwin\jdk8u111\7883\hotspot\src\share\vm\classfile\systemDictionary.c
Event: 8.861 Thread 0x000000001919c800 Exception <a 'java/lang/ClassNotFoundException': com/android/build/gradle/tasks/MergeSourceSetFolders_DecoratedCustomizer> (0x00000000e0d71d98) thrown at [C:\re\workspace\8-2-build-windows-amd64-cygwin\jdk8u111\7883\hotspot\src\share\vm\classfile\systemDi
Event: 8.868 Thread 0x000000001919c800 Exception <a 'java/lang/ClassNotFoundException': com/android/build/gradle/tasks/GenerateBuildConfig_DecoratedBeanInfo> (0x00000000e0e73b00) thrown at [C:\re\workspace\8-2-build-windows-amd64-cygwin\jdk8u111\7883\hotspot\src\share\vm\classfile\systemDictio
Event: 8.868 Thread 0x000000001919c800 Exception <a 'java/lang/ClassNotFoundException': com/android/build/gradle/tasks/GenerateBuildConfigBeanInfo> (0x00000000e0e85770) thrown at [C:\re\workspace\8-2-build-windows-amd64-cygwin\jdk8u111\7883\hotspot\src\share\vm\classfile\systemDictionary.cpp, 
Event: 8.869 Thread 0x000000001919c800 Exception <a 'java/lang/ClassNotFoundException': com/android/build/gradle/tasks/GenerateBuildConfigCustomizer> (0x00000000e0e97e28) thrown at [C:\re\workspace\8-2-build-windows-amd64-cygwin\jdk8u111\7883\hotspot\src\share\vm\classfile\systemDictionary.cpp
Event: 8.870 Thread 0x000000001919c800 Exception <a 'java/lang/ClassNotFoundException': com/android/build/gradle/tasks/GenerateBuildConfig_DecoratedCustomizer> (0x00000000e0edba48) thrown at [C:\re\workspace\8-2-build-windows-amd64-cygwin\jdk8u111\7883\hotspot\src\share\vm\classfile\systemDict
Event: 8.889 Thread 0x000000001919c800 Exception <a 'java/lang/ClassNotFoundException': com/android/build/gradle/tasks/ProcessAndroidResources_DecoratedBeanInfo> (0x00000000e10d0338) thrown at [C:\re\workspace\8-2-build-windows-amd64-cygwin\jdk8u111\7883\hotspot\src\share\vm\classfile\systemDi
Event: 8.890 Thread 0x000000001919c800 Exception <a 'java/lang/ClassNotFoundException': com/android/build/gradle/tasks/ProcessAndroidResourcesBeanInfo> (0x00000000e10e2e58) thrown at [C:\re\workspace\8-2-build-windows-amd64-cygwin\jdk8u111\7883\hotspot\src\share\vm\classfile\systemDictionary.c
Event: 8.890 Thread 0x000000001919c800 Exception <a 'java/lang/ClassNotFoundException': com/android/build/gradle/tasks/ProcessAndroidResourcesCustomizer> (0x00000000e10f6050) thrown at [C:\re\workspace\8-2-build-windows-amd64-cygwin\jdk8u111\7883\hotspot\src\share\vm\classfile\systemDictionary
Event: 8.892 Thread 0x000000001919c800 Exception <a 'java/lang/ClassNotFoundException': com/android/build/gradle/tasks/ProcessAndroidResources_DecoratedCustomizer> (0x00000000e115be60) thrown at [C:\re\workspace\8-2-build-windows-amd64-cygwin\jdk8u111\7883\hotspot\src\share\vm\classfile\system

Events (10 events):
Event: 8.897 loading class org/gradle/api/tasks/Sync
Event: 8.897 loading class org/gradle/api/tasks/Sync done
Event: 8.897 loading class org/gradle/api/tasks/Sync
Event: 8.897 loading class org/gradle/api/tasks/Sync done
Event: 8.898 loading class org/gradle/api/internal/file/copy/DestinationRootCopySpec
Event: 8.898 loading class org/gradle/api/internal/file/copy/DestinationRootCopySpec done
Event: 8.899 loading class org/gradle/api/internal/file/copy/DelegatingCopySpecInternal
Event: 8.899 loading class org/gradle/api/internal/file/copy/DelegatingCopySpecInternal done
Event: 8.899 loading class org/gradle/api/file/DuplicatesStrategy
Event: 8.899 loading class org/gradle/api/file/DuplicatesStrategy done


Dynamic libraries:
0x00007ff7bdc90000 - 0x00007ff7bdcc7000 	C:\Program Files\Java\jdk1.8.0_111\bin\java.exe
0x00007ffb655a0000 - 0x00007ffb65771000 	C:\WINDOWS\SYSTEM32\ntdll.dll
0x00007ffb64b90000 - 0x00007ffb64c3b000 	C:\WINDOWS\System32\KERNEL32.DLL
0x00007ffb62910000 - 0x00007ffb62b2d000 	C:\WINDOWS\System32\KERNELBASE.dll
0x00007ffb62d80000 - 0x00007ffb62e22000 	C:\WINDOWS\System32\ADVAPI32.dll
0x00007ffb64cf0000 - 0x00007ffb64d8e000 	C:\WINDOWS\System32\msvcrt.dll
0x00007ffb64a60000 - 0x00007ffb64ab9000 	C:\WINDOWS\System32\sechost.dll
0x00007ffb647d0000 - 0x00007ffb648f1000 	C:\WINDOWS\System32\RPCRT4.dll
0x00007ffb62c10000 - 0x00007ffb62d75000 	C:\WINDOWS\System32\USER32.dll
0x00007ffb62440000 - 0x00007ffb6245e000 	C:\WINDOWS\System32\win32u.dll
0x00007ffb64cb0000 - 0x00007ffb64ce4000 	C:\WINDOWS\System32\GDI32.dll
0x00007ffb62670000 - 0x00007ffb627f2000 	C:\WINDOWS\System32\gdi32full.dll
0x00007ffb549c0000 - 0x00007ffb54c39000 	C:\WINDOWS\WinSxS\amd64_microsoft.windows.common-controls_6595b64144ccf1df_6.0.14393.447_none_42191651c6827bb3\COMCTL32.dll
0x00007ffb62e30000 - 0x00007ffb630f8000 	C:\WINDOWS\System32\combase.dll
0x00007ffb61a90000 - 0x00007ffb61b85000 	C:\WINDOWS\System32\ucrtbase.dll
0x00007ffb628a0000 - 0x00007ffb6290a000 	C:\WINDOWS\System32\bcryptPrimitives.dll
0x00007ffb64b60000 - 0x00007ffb64b8e000 	C:\WINDOWS\System32\IMM32.DLL
0x0000000069c90000 - 0x0000000069d62000 	C:\Program Files\Java\jdk1.8.0_111\jre\bin\msvcr100.dll
0x00000000693f0000 - 0x0000000069c8a000 	C:\Program Files\Java\jdk1.8.0_111\jre\bin\server\jvm.dll
0x00007ffb63160000 - 0x00007ffb63168000 	C:\WINDOWS\System32\PSAPI.DLL
0x00007ffb54690000 - 0x00007ffb54699000 	C:\WINDOWS\SYSTEM32\WSOCK32.dll
0x00007ffb5fde0000 - 0x00007ffb5fe03000 	C:\WINDOWS\SYSTEM32\WINMM.dll
0x00007ffb5d610000 - 0x00007ffb5d61a000 	C:\WINDOWS\SYSTEM32\VERSION.dll
0x00007ffb64c40000 - 0x00007ffb64caa000 	C:\WINDOWS\System32\WS2_32.dll
0x00007ffb5fb60000 - 0x00007ffb5fb8b000 	C:\WINDOWS\SYSTEM32\WINMMBASE.dll
0x00007ffb62620000 - 0x00007ffb62662000 	C:\WINDOWS\System32\cfgmgr32.dll
0x000000006aac0000 - 0x000000006aacf000 	C:\Program Files\Java\jdk1.8.0_111\jre\bin\verify.dll
0x000000006a9e0000 - 0x000000006aa09000 	C:\Program Files\Java\jdk1.8.0_111\jre\bin\java.dll
0x000000006a9c0000 - 0x000000006a9d6000 	C:\Program Files\Java\jdk1.8.0_111\jre\bin\zip.dll
0x00007ffb63170000 - 0x00007ffb64679000 	C:\WINDOWS\System32\SHELL32.dll
0x00007ffb61d60000 - 0x00007ffb6243a000 	C:\WINDOWS\System32\windows.storage.dll
0x00007ffb61a20000 - 0x00007ffb61a6c000 	C:\WINDOWS\System32\powrprof.dll
0x00007ffb64a00000 - 0x00007ffb64a52000 	C:\WINDOWS\System32\shlwapi.dll
0x00007ffb61a70000 - 0x00007ffb61a7f000 	C:\WINDOWS\System32\kernel.appcore.dll
0x00007ffb62570000 - 0x00007ffb62619000 	C:\WINDOWS\System32\shcore.dll
0x00007ffb61a00000 - 0x00007ffb61a14000 	C:\WINDOWS\System32\profapi.dll
0x000000006a9a0000 - 0x000000006a9ba000 	C:\Program Files\Java\jdk1.8.0_111\jre\bin\net.dll
0x00007ffb612d0000 - 0x00007ffb6132c000 	C:\WINDOWS\system32\mswsock.dll
0x000000006a980000 - 0x000000006a991000 	C:\Program Files\Java\jdk1.8.0_111\jre\bin\nio.dll
0x00007ffb4f650000 - 0x00007ffb4f662000 	C:\Users\juanj\.gradle\native\19\windows-amd64\native-platform.dll
0x00007ffb614e0000 - 0x00007ffb614f7000 	C:\WINDOWS\SYSTEM32\CRYPTSP.dll
0x00007ffb60ee0000 - 0x00007ffb60f13000 	C:\WINDOWS\system32\rsaenh.dll
0x00007ffb61940000 - 0x00007ffb6196b000 	C:\WINDOWS\SYSTEM32\bcrypt.dll
0x00007ffb61160000 - 0x00007ffb6117f000 	C:\WINDOWS\SYSTEM32\USERENV.dll
0x00007ffb614d0000 - 0x00007ffb614db000 	C:\WINDOWS\SYSTEM32\CRYPTBASE.dll
0x00007ffb61060000 - 0x00007ffb61098000 	C:\WINDOWS\SYSTEM32\IPHLPAPI.DLL
0x00007ffb65390000 - 0x00007ffb65398000 	C:\WINDOWS\System32\NSI.dll
0x00007ffb5b810000 - 0x00007ffb5b826000 	C:\WINDOWS\SYSTEM32\dhcpcsvc6.DLL
0x00007ffb5b6e0000 - 0x00007ffb5b6fa000 	C:\WINDOWS\SYSTEM32\dhcpcsvc.DLL
0x00000000693b0000 - 0x00000000693bd000 	C:\Program Files\Java\jdk1.8.0_111\jre\bin\management.dll

VM Arguments:
jvm_args: -Xmx1536m -Dfile.encoding=windows-1252 -Duser.country=ES -Duser.language=es -Duser.variant 
java_command: org.gradle.launcher.daemon.bootstrap.GradleDaemon 2.14.1
java_class_path (initial): C:\Users\juanj\.gradle\wrapper\dists\gradle-2.14.1-all\8bnwg5hd3w55iofp58khbp6yv\gradle-2.14.1\lib\gradle-launcher-2.14.1.jar
Launcher Type: SUN_STANDARD

Environment Variables:
JAVA_HOME=C:\Program Files\Java\jdk1.8.0_111
PATH=C:\ProgramData\Oracle\Java\javapath;C:\WINDOWS\system32;C:\WINDOWS;C:\WINDOWS\System32\Wbem;C:\WINDOWS\System32\WindowsPowerShell\v1.0\;C:\Program Files\Microsoft\Web Platform Installer\;C:\Program Files (x86)\Microsoft ASP.NET\ASP.NET Web Pages\v1.0\;C:\Program Files\Microsoft SQL Server\130\Tools\Binn\;C:\apache-maven-3.3.9\bin;C:\gradle-3.2.1\bin;C:\php\ext;C:\php;C:\ProgramData\ComposerSetup\bin;C:\Program Files\Git\cmd;C:\Program Files (x86)\Brackets\command;C:\Program Files\Java\jdk1.8.0_111\bin;C:\Program Files (x86)\Microsoft SQL Server\130\Tools\Binn\;C:\Program Files (x86)\Microsoft SQL Server\Client SDK\ODBC\130\Tools\Binn\;C:\Program Files (x86)\Microsoft SQL Server\130\DTS\Binn\;C:\Program Files (x86)\Microsoft SQL Server\130\Tools\Binn\ManagementStudio\;C:\Users\juanj\AppData\Local\Microsoft\WindowsApps;C:\Users\juanj\AppData\Roaming\Composer\vendor\bin;C:\Program Files (x86)\Microsoft VS Code\bin
USERNAME=juanj
OS=Windows_NT
PROCESSOR_IDENTIFIER=Intel64 Family 6 Model 30 Stepping 5, GenuineIntel



---------------  S Y S T E M  ---------------

OS: Windows 10.0 , 64 bit Build 14393 (10.0.14393.0)

CPU:total 4 (4 cores per cpu, 1 threads per core) family 6 model 30 stepping 5, cmov, cx8, fxsr, mmx, sse, sse2, sse3, ssse3, sse4.1, sse4.2, popcnt, tsc, tscinvbit

Memory: 4k page, physical 8347124k(320560k free), swap 9395700k(5456k free)

vm_info: Java HotSpot(TM) 64-Bit Server VM (25.111-b14) for windows-amd64 JRE (1.8.0_111-b14), built on Sep 22 2016 19:24:05 by "java_re" with MS VC++ 10.0 (VS2010)

time: Tue Mar 07 17:04:36 2017
elapsed time: 8 seconds (0d 0h 0m 8s)

